{"C:\\Users\\petri\\Documents\\GitHub\\unittest1\\src\\index.js": {"path":"C:\\Users\\petri\\Documents\\GitHub\\unittest1\\src\\index.js","statementMap":{"0":{"start":{"line":7,"column":4},"end":{"line":9,"column":5}},"1":{"start":{"line":8,"column":8},"end":{"line":8,"column":25}},"2":{"start":{"line":9,"column":6},"end":{"line":11,"column":5}},"3":{"start":{"line":10,"column":8},"end":{"line":10,"column":25}},"4":{"start":{"line":11,"column":6},"end":{"line":13,"column":5}},"5":{"start":{"line":12,"column":8},"end":{"line":12,"column":26}}},"fnMap":{"0":{"name":"healthMonitor","decl":{"start":{"line":6,"column":24},"end":{"line":6,"column":37}},"loc":{"start":{"line":6,"column":45},"end":{"line":14,"column":1}},"line":6}},"branchMap":{"0":{"loc":{"start":{"line":7,"column":4},"end":{"line":9,"column":5}},"type":"if","locations":[{"start":{"line":7,"column":4},"end":{"line":9,"column":5}},{"start":{"line":7,"column":4},"end":{"line":9,"column":5}}],"line":7},"1":{"loc":{"start":{"line":9,"column":6},"end":{"line":11,"column":5}},"type":"if","locations":[{"start":{"line":9,"column":6},"end":{"line":11,"column":5}},{"start":{"line":9,"column":6},"end":{"line":11,"column":5}}],"line":9},"2":{"loc":{"start":{"line":9,"column":10},"end":{"line":9,"column":49}},"type":"binary-expr","locations":[{"start":{"line":9,"column":10},"end":{"line":9,"column":28}},{"start":{"line":9,"column":32},"end":{"line":9,"column":49}}],"line":9},"3":{"loc":{"start":{"line":11,"column":6},"end":{"line":13,"column":5}},"type":"if","locations":[{"start":{"line":11,"column":6},"end":{"line":13,"column":5}},{"start":{"line":11,"column":6},"end":{"line":13,"column":5}}],"line":11},"4":{"loc":{"start":{"line":11,"column":10},"end":{"line":11,"column":47}},"type":"binary-expr","locations":[{"start":{"line":11,"column":10},"end":{"line":11,"column":26}},{"start":{"line":11,"column":30},"end":{"line":11,"column":47}}],"line":11}},"s":{"0":3,"1":1,"2":2,"3":1,"4":1,"5":1},"f":{"0":3},"b":{"0":[1,2],"1":[1,1],"2":[2,2],"3":[1,0],"4":[1,1]},"_coverageSchema":"1a1c01bbd47fc00a2c39e90264f33305004495a9","hash":"20306d575c9bc8f260ecd5e144dc337ebaee421b"}
}
